
> my-app@0.0.0 dev
> vite


  VITE v7.3.0  ready in 1745 ms

  ➜  Local:   http://localhost:5173/
  ➜  Network: use --host to expose
10:25:57 PM [vite] (client) hmr update /src/index.css
10:25:57 PM [vite] (client) hmr update /src/pages/Login.tsx, /src/index.css
10:25:57 PM [vite] (client) hmr update /src/index.css, /src/pages/Employee/Dashboard.tsx, /src/pages/Manager/QuarterlySummary.tsx, /src/pages/GM/Scoring.tsx, /src/pages/GM/Dashboard.tsx, /src/pages/HR/DataManagement.tsx, /src/pages/HR/Dashboard.tsx
10:25:57 PM [vite] (client) hmr update /src/index.css, /src/components/layout/Sidebar.tsx
10:25:57 PM [vite] (client) hmr update /src/index.css
10:25:57 PM [vite] (client) hmr update /src/App.tsx, /src/index.css
10:25:57 PM [vite] (client) hmr update /src/index.css
10:25:57 PM [vite] (client) hmr update /src/pages/GM/Dashboard.tsx, /src/index.css
10:25:57 PM [vite] (client) hmr update /src/index.css
10:25:57 PM [vite] (client) hmr update /src/index.css
10:25:57 PM [vite] (client) hmr update /src/pages/Manager/Dashboard.tsx, /src/index.css
10:25:57 PM [vite] (client) hmr update /src/index.css
10:25:57 PM [vite] (client) hmr update /src/pages/Login.tsx, /src/index.css
10:25:57 PM [vite] (client) hmr update /src/index.css, /src/components/layout/Sidebar.tsx
10:25:57 PM [vite] (client) hmr update /src/index.css, /src/pages/Employee/Dashboard.tsx, /src/pages/Manager/QuarterlySummary.tsx, /src/pages/GM/Scoring.tsx, /src/pages/GM/Dashboard.tsx, /src/pages/HR/DataManagement.tsx, /src/pages/HR/Dashboard.tsx
10:25:57 PM [vite] (client) hmr update /src/index.css
10:25:57 PM [vite] (client) hmr update /src/index.css
10:25:57 PM [vite] (client) hmr update /src/App.tsx, /src/index.css
10:25:57 PM [vite] (client) hmr update /src/pages/GM/Dashboard.tsx, /src/index.css
10:25:57 PM [vite] (client) hmr update /src/index.css
10:25:57 PM [vite] (client) hmr update /src/index.css
10:25:57 PM [vite] (client) hmr update /src/pages/Manager/Dashboard.tsx, /src/index.css
10:35:57 PM [vite] (client) hmr update /src/App.tsx, /src/pages/Employee/Dashboard.tsx, /src/pages/Manager/QuarterlySummary.tsx, /src/pages/Login.tsx, /src/pages/Manager/Dashboard.tsx, /src/pages/Employee/MyScores.tsx, /src/pages/Manager/TeamList.tsx, /src/pages/Employee/WorkSummary.tsx, /src/pages/Manager/Analytics.tsx, /src/pages/GM/Analytics.tsx, /src/pages/GM/Dashboard.tsx, /src/pages/Manager/Scoring.tsx, /src/pages/HR/Dashboard.tsx, /src/components/promotion/PromotionApprovalsPage.tsx, /src/components/promotion/PromotionRequestPage.tsx, /src/components/layout/Sidebar.tsx, /src/pages/Manager/EmployeePerformanceHistory.tsx, /src/pages/GM/GMDataExport.tsx, /src/pages/GM/Scoring.tsx, /src/pages/HR/DataManagement.tsx, /src/index.css
10:36:02 PM [vite] (client) hmr update /src/App.tsx, /src/pages/Employee/Dashboard.tsx, /src/pages/Manager/QuarterlySummary.tsx, /src/pages/Login.tsx, /src/pages/Manager/Dashboard.tsx, /src/pages/Employee/MyScores.tsx, /src/pages/Manager/TeamList.tsx, /src/pages/Employee/WorkSummary.tsx, /src/pages/Manager/Analytics.tsx, /src/pages/GM/Analytics.tsx, /src/pages/GM/Dashboard.tsx, /src/pages/Manager/Scoring.tsx, /src/pages/HR/Dashboard.tsx, /src/components/promotion/PromotionApprovalsPage.tsx, /src/components/promotion/PromotionRequestPage.tsx, /src/components/layout/Sidebar.tsx, /src/pages/Manager/EmployeePerformanceHistory.tsx, /src/pages/GM/GMDataExport.tsx, /src/pages/GM/Scoring.tsx, /src/pages/HR/DataManagement.tsx, /src/index.css
10:36:12 PM [vite] (client) hmr update /src/App.tsx, /src/pages/Employee/Dashboard.tsx, /src/pages/Manager/QuarterlySummary.tsx, /src/pages/Login.tsx, /src/pages/Manager/Dashboard.tsx, /src/pages/Employee/MyScores.tsx, /src/pages/Manager/TeamList.tsx, /src/pages/Employee/WorkSummary.tsx, /src/pages/Manager/Analytics.tsx, /src/pages/GM/Analytics.tsx, /src/pages/GM/Dashboard.tsx, /src/pages/Manager/Scoring.tsx, /src/pages/HR/Dashboard.tsx, /src/components/promotion/PromotionApprovalsPage.tsx, /src/components/promotion/PromotionRequestPage.tsx, /src/components/layout/Sidebar.tsx, /src/pages/Manager/EmployeePerformanceHistory.tsx, /src/pages/GM/GMDataExport.tsx, /src/pages/GM/Scoring.tsx, /src/pages/HR/DataManagement.tsx, /src/index.css
10:36:17 PM [vite] (client) hmr update /src/App.tsx, /src/pages/Employee/Dashboard.tsx, /src/pages/Manager/QuarterlySummary.tsx, /src/pages/Login.tsx, /src/pages/Manager/Dashboard.tsx, /src/pages/Employee/MyScores.tsx, /src/pages/Manager/TeamList.tsx, /src/pages/Employee/WorkSummary.tsx, /src/pages/Manager/Analytics.tsx, /src/pages/GM/Analytics.tsx, /src/pages/GM/Dashboard.tsx, /src/pages/Manager/Scoring.tsx, /src/pages/HR/Dashboard.tsx, /src/components/promotion/PromotionApprovalsPage.tsx, /src/components/promotion/PromotionRequestPage.tsx, /src/components/layout/Sidebar.tsx, /src/pages/Manager/EmployeePerformanceHistory.tsx, /src/pages/GM/GMDataExport.tsx, /src/pages/GM/Scoring.tsx, /src/pages/HR/DataManagement.tsx, /src/index.css
10:36:21 PM [vite] (client) hmr update /src/App.tsx, /src/pages/Employee/Dashboard.tsx, /src/pages/Manager/QuarterlySummary.tsx, /src/pages/Login.tsx, /src/pages/Manager/Dashboard.tsx, /src/pages/Employee/MyScores.tsx, /src/pages/Manager/TeamList.tsx, /src/pages/Employee/WorkSummary.tsx, /src/pages/Manager/Analytics.tsx, /src/pages/GM/Analytics.tsx, /src/pages/GM/Dashboard.tsx, /src/pages/Manager/Scoring.tsx, /src/pages/HR/Dashboard.tsx, /src/components/promotion/PromotionApprovalsPage.tsx, /src/components/promotion/PromotionRequestPage.tsx, /src/components/layout/Sidebar.tsx, /src/pages/Manager/EmployeePerformanceHistory.tsx, /src/pages/GM/GMDataExport.tsx, /src/pages/GM/Scoring.tsx, /src/pages/HR/DataManagement.tsx, /src/index.css
10:36:42 PM [vite] (client) hmr update /src/index.css, /src/pages/Employee/Dashboard.tsx, /src/pages/Manager/Dashboard.tsx, /src/pages/Employee/MyScores.tsx, /src/pages/Manager/TeamList.tsx, /src/pages/Employee/WorkSummary.tsx, /src/pages/Manager/Scoring.tsx
10:44:57 PM [vite] (client) hmr update /src/App.tsx, /src/index.css
10:48:35 PM [vite] (client) hmr update /src/pages/HR/Dashboard.tsx, /src/index.css
10:48:53 PM [vite] (client) hmr update /src/App.tsx, /src/index.css
10:49:29 PM [vite] (client) hmr update /src/App.tsx, /src/index.css
10:49:33 PM [vite] (client) hmr update /src/App.tsx, /src/index.css
10:49:38 PM [vite] (client) hmr update /src/App.tsx, /src/index.css
10:49:43 PM [vite] (client) hmr update /src/App.tsx, /src/index.css
10:49:49 PM [vite] (client) hmr update /src/index.css, /src/components/layout/Sidebar.tsx
10:49:55 PM [vite] (client) hmr update /src/index.css, /src/components/layout/Sidebar.tsx
10:50:02 PM [vite] (client) hmr update /src/index.css, /src/components/layout/Sidebar.tsx
10:50:08 PM [vite] (client) hmr update /src/index.css, /src/components/layout/Sidebar.tsx
10:50:14 PM [vite] (client) hmr update /src/index.css, /src/components/layout/Sidebar.tsx
10:50:50 PM [vite] (client) hmr update /src/pages/Manager/Scoring.tsx, /src/index.css
10:52:17 PM [vite] (client) hmr update /src/index.css, /src/pages/Manager/InterviewSchedule.tsx
10:52:35 PM [vite] (client) hmr update /src/index.css, /src/pages/HR/StrategicObjectives.tsx
10:52:39 PM [vite] (client) hmr update /src/index.css
10:52:51 PM [vite] (client) hmr update /src/index.css, /src/pages/HR/ContractManagement.tsx
10:53:11 PM [vite] (client) hmr update /src/index.css, /src/pages/HR/OKRDashboard.tsx
10:53:27 PM [vite] (client) hmr update /src/index.css, /src/pages/GM/StrategicOverview.tsx
10:54:04 PM [vite] (client) hmr update /src/index.css, /src/pages/Employee/Dashboard.tsx, /src/pages/Manager/QuarterlySummary.tsx, /src/pages/GM/Scoring.tsx, /src/pages/GM/Dashboard.tsx, /src/pages/HR/DataManagement.tsx, /src/pages/HR/Dashboard.tsx
10:55:45 PM [vite] (client) hmr update /src/index.css
